TN:
SF:dist\src\respositories\MessageRepository.js
FN:6,MessageRepository
FN:10,create
FN:43,getLastMessage
FN:59,getMessage
FNF:4
FNH:4
FNDA:1,MessageRepository
FNDA:1,create
FNDA:1,getLastMessage
FNDA:1,getMessage
DA:1,1
DA:2,1
DA:3,1
DA:4,1
DA:5,1
DA:6,1
DA:7,1
DA:8,1
DA:9,1
DA:10,1
DA:11,1
DA:12,1
DA:13,0
DA:14,0
DA:15,0
DA:16,0
DA:17,0
DA:18,0
DA:19,0
DA:20,0
DA:21,0
DA:22,0
DA:23,0
DA:24,0
DA:25,0
DA:26,0
DA:27,0
DA:28,0
DA:29,0
DA:30,0
DA:31,0
DA:32,0
DA:33,0
DA:34,0
DA:35,0
DA:36,0
DA:37,0
DA:38,1
DA:39,1
DA:40,0
DA:41,0
DA:42,1
DA:43,1
DA:44,1
DA:45,1
DA:46,1
DA:47,1
DA:48,1
DA:49,1
DA:50,1
DA:51,1
DA:52,1
DA:53,1
DA:54,1
DA:55,0
DA:56,0
DA:57,1
DA:58,1
DA:59,1
DA:60,1
DA:61,1
DA:62,1
DA:63,1
DA:64,1
DA:65,1
DA:66,1
DA:67,1
DA:68,1
DA:69,1
DA:70,1
DA:71,1
DA:72,1
DA:73,1
DA:74,1
DA:75,1
DA:76,0
DA:77,0
DA:78,1
DA:79,1
DA:80,1
LF:80
LH:49
BRDA:6,0,0,1
BRDA:10,1,0,1
BRDA:12,2,0,0
BRDA:39,3,0,0
BRDA:43,4,0,1
BRDA:54,5,0,0
BRDA:59,6,0,1
BRDA:75,7,0,0
BRF:8
BRH:4
end_of_record
TN:
SF:dist\src\respositories\User.respository.js
FN:6,UserRepository
FN:9,create
FN:30,getAll
FN:38,findOneByEmail
FN:61,search
FNF:5
FNH:5
FNDA:1,UserRepository
FNDA:1,create
FNDA:1,getAll
FNDA:1,findOneByEmail
FNDA:1,search
DA:1,1
DA:2,1
DA:3,1
DA:4,1
DA:5,1
DA:6,1
DA:7,1
DA:8,1
DA:9,1
DA:10,1
DA:11,1
DA:12,0
DA:13,0
DA:14,0
DA:15,0
DA:16,0
DA:17,0
DA:18,0
DA:19,0
DA:20,0
DA:21,0
DA:22,0
DA:23,0
DA:24,0
DA:25,1
DA:26,1
DA:27,0
DA:28,0
DA:29,1
DA:30,1
DA:31,1
DA:32,1
DA:33,1
DA:34,1
DA:35,0
DA:36,0
DA:37,1
DA:38,1
DA:39,1
DA:40,1
DA:41,1
DA:42,1
DA:43,1
DA:44,1
DA:45,1
DA:46,1
DA:47,1
DA:48,1
DA:49,1
DA:50,1
DA:51,0
DA:52,0
DA:53,0
DA:54,0
DA:55,0
DA:56,1
DA:57,1
DA:58,1
DA:59,1
DA:60,1
DA:61,1
DA:62,1
DA:63,1
DA:64,1
DA:65,1
DA:66,1
DA:67,1
DA:68,1
DA:69,1
DA:70,1
DA:71,1
DA:72,1
DA:73,1
DA:74,1
DA:75,1
DA:76,1
DA:77,0
DA:78,0
DA:79,1
DA:80,1
DA:81,1
DA:82,1
DA:83,1
DA:84,0
DA:85,0
DA:86,1
DA:87,1
DA:88,1
LF:88
LH:62
BRDA:6,0,0,1
BRDA:9,1,0,1
BRDA:11,2,0,0
BRDA:26,3,0,0
BRDA:30,4,0,1
BRDA:34,5,0,0
BRDA:38,6,0,1
BRDA:50,7,0,0
BRDA:50,8,0,0
BRDA:61,9,0,1
BRDA:76,10,0,0
BRDA:83,11,0,0
BRF:12
BRH:5
end_of_record
TN:
SF:dist\src\respositories\conversationRepository.js
FN:6,ConversationRepository
FN:9,create
FN:23,getOneVerify
FN:45,getMyConversations
FNF:4
FNH:3
FNDA:1,ConversationRepository
FNDA:0,create
FNDA:2,getOneVerify
FNDA:1,getMyConversations
DA:1,1
DA:2,1
DA:3,1
DA:4,1
DA:5,1
DA:6,1
DA:7,1
DA:8,1
DA:9,1
DA:10,0
DA:11,0
DA:12,0
DA:13,0
DA:14,0
DA:15,0
DA:16,0
DA:17,0
DA:18,0
DA:19,0
DA:20,0
DA:21,0
DA:22,1
DA:23,1
DA:24,2
DA:25,2
DA:26,2
DA:27,2
DA:28,2
DA:29,2
DA:30,2
DA:31,2
DA:32,2
DA:33,2
DA:34,2
DA:35,2
DA:36,2
DA:37,2
DA:38,2
DA:39,2
DA:40,2
DA:41,0
DA:42,0
DA:43,2
DA:44,1
DA:45,1
DA:46,1
DA:47,1
DA:48,1
DA:49,1
DA:50,1
DA:51,1
DA:52,1
DA:53,1
DA:54,1
DA:55,1
DA:56,1
DA:57,1
DA:58,1
DA:59,1
DA:60,1
DA:61,1
DA:62,1
DA:63,1
DA:64,1
DA:65,1
DA:66,1
DA:67,1
DA:68,1
DA:69,1
DA:70,1
DA:71,1
DA:72,1
DA:73,1
DA:74,1
DA:75,1
DA:76,1
DA:77,1
DA:78,1
DA:79,1
DA:80,1
DA:81,0
DA:82,0
DA:83,1
DA:84,1
DA:85,1
LF:85
LH:69
BRDA:6,0,0,1
BRDA:23,1,0,2
BRDA:40,2,0,0
BRDA:45,3,0,1
BRDA:80,4,0,0
BRF:5
BRH:3
end_of_record
TN:
SF:dist\src\services\Conversation.service.js
FN:2,Object.<anonymous>.__importDefault
FN:8,ConversationServices
FN:12,create
FN:28,getOneVerify
FN:38,getMyConversations
FNF:5
FNH:5
FNDA:1,Object.<anonymous>.__importDefault
FNDA:1,ConversationServices
FNDA:1,create
FNDA:2,getOneVerify
FNDA:1,getMyConversations
DA:1,1
DA:2,1
DA:3,1
DA:4,1
DA:5,1
DA:6,1
DA:7,1
DA:8,1
DA:9,1
DA:10,1
DA:11,1
DA:12,1
DA:13,1
DA:14,1
DA:15,1
DA:16,0
DA:17,0
DA:18,0
DA:19,1
DA:20,1
DA:21,1
DA:22,1
DA:23,1
DA:24,1
DA:25,1
DA:26,1
DA:27,1
DA:28,1
DA:29,2
DA:30,2
DA:31,2
DA:32,2
DA:33,2
DA:34,0
DA:35,0
DA:36,2
DA:37,1
DA:38,1
DA:39,1
DA:40,1
DA:41,1
DA:42,1
DA:43,1
DA:44,0
DA:45,0
DA:46,1
DA:47,1
DA:48,1
LF:48
LH:41
BRDA:2,0,0,1
BRDA:3,1,0,0
BRDA:8,2,0,1
BRDA:12,3,0,1
BRDA:15,4,0,0
BRDA:28,5,0,2
BRDA:33,6,0,0
BRDA:38,7,0,1
BRDA:43,8,0,0
BRF:9
BRH:5
end_of_record
TN:
SF:dist\src\services\Message.service.js
FN:2,Object.<anonymous>.__importDefault
FN:8,MessageServices
FN:12,create
FN:22,getByConversation
FN:31,getLastMessage
FNF:5
FNH:5
FNDA:1,Object.<anonymous>.__importDefault
FNDA:1,MessageServices
FNDA:1,create
FNDA:1,getByConversation
FNDA:1,getLastMessage
DA:1,1
DA:2,1
DA:3,1
DA:4,1
DA:5,1
DA:6,1
DA:7,1
DA:8,1
DA:9,1
DA:10,1
DA:11,1
DA:12,1
DA:13,1
DA:14,1
DA:15,1
DA:16,1
DA:17,1
DA:18,0
DA:19,0
DA:20,1
DA:21,1
DA:22,1
DA:23,1
DA:24,1
DA:25,1
DA:26,1
DA:27,1
DA:28,0
DA:29,0
DA:30,1
DA:31,1
DA:32,1
DA:33,1
DA:34,1
DA:35,1
DA:36,1
DA:37,0
DA:38,0
DA:39,1
DA:40,1
DA:41,1
LF:41
LH:35
BRDA:2,0,0,1
BRDA:3,1,0,0
BRDA:8,2,0,1
BRDA:12,3,0,1
BRDA:17,4,0,0
BRDA:22,5,0,1
BRDA:27,6,0,0
BRDA:31,7,0,1
BRDA:36,8,0,0
BRF:9
BRH:5
end_of_record
TN:
SF:dist\src\services\User.service.js
FN:2,Object.<anonymous>.__importDefault
FN:10,UserServices
FN:13,create
FN:27,findOne
FN:35,getAll
FN:43,Login
FN:67,search
FNF:7
FNH:7
FNDA:2,Object.<anonymous>.__importDefault
FNDA:1,UserServices
FNDA:1,create
FNDA:1,findOne
FNDA:1,getAll
FNDA:1,Login
FNDA:1,search
DA:1,1
DA:2,1
DA:3,2
DA:4,2
DA:5,1
DA:6,1
DA:7,1
DA:8,1
DA:9,1
DA:10,1
DA:11,1
DA:12,1
DA:13,1
DA:14,1
DA:15,1
DA:16,0
DA:17,0
DA:18,0
DA:19,0
DA:20,0
DA:21,0
DA:22,1
DA:23,1
DA:24,0
DA:25,0
DA:26,1
DA:27,1
DA:28,1
DA:29,1
DA:30,1
DA:31,1
DA:32,1
DA:33,1
DA:34,1
DA:35,1
DA:36,1
DA:37,1
DA:38,1
DA:39,1
DA:40,0
DA:41,0
DA:42,1
DA:43,1
DA:44,1
DA:45,1
DA:46,0
DA:47,0
DA:48,0
DA:49,0
DA:50,0
DA:51,0
DA:52,0
DA:53,0
DA:54,0
DA:55,0
DA:56,0
DA:57,0
DA:58,0
DA:59,0
DA:60,0
DA:61,0
DA:62,1
DA:63,1
DA:64,1
DA:65,1
DA:66,1
DA:67,1
DA:68,1
DA:69,1
DA:70,1
DA:71,1
DA:72,0
DA:73,0
DA:74,1
DA:75,1
DA:76,1
LF:76
LH:48
BRDA:2,0,0,2
BRDA:3,1,0,1
BRDA:3,2,0,1
BRDA:10,3,0,1
BRDA:13,4,0,1
BRDA:15,5,0,0
BRDA:23,6,0,0
BRDA:27,7,0,1
BRDA:35,8,0,1
BRDA:39,9,0,0
BRDA:43,10,0,1
BRDA:45,11,0,0
BRDA:67,12,0,1
BRDA:71,13,0,0
BRF:14
BRH:9
end_of_record
